bkp/extracted/App.tsx(203,11): error TS2322: Type '{ children: any[]; className: string; }' is not assignable to type 'CardProps'.
  Property 'className' does not exist on type 'CardProps'.
bkp/extracted/App.tsx(225,40): error TS2322: Type '{ children: any; color: "blue" | "yellow" | "red"; className: string; }' is not assignable to type 'BadgeProps'.
  Property 'className' does not exist on type 'BadgeProps'.
bkp/extracted/App.tsx(231,15): error TS2322: Type '{ children: any[]; value: any; onChange: (e: any) => any; className: string; }' is not assignable to type 'SelectProps'.
  Property 'value' does not exist on type 'SelectProps'.
bkp/extracted/App.tsx(295,19): error TS2322: Type '{ children: any[]; onClick: () => any; }' is not assignable to type 'ButtonProps'.
  Property 'onClick' does not exist on type 'ButtonProps'.
bkp/extracted/App.tsx(304,17): error TS2322: Type '{ children: any[]; key: number; className: string; }' is not assignable to type 'CardProps'.
  Property 'key' does not exist on type 'CardProps'.
bkp/extracted/App.tsx(321,18): error TS2322: Type '{ children: any[]; className: string; }' is not assignable to type 'CardProps'.
  Property 'className' does not exist on type 'CardProps'.
bkp/extracted/App.tsx(389,19): error TS2322: Type '{ children: any[]; onClick: () => any; }' is not assignable to type 'ButtonProps'.
  Property 'onClick' does not exist on type 'ButtonProps'.
bkp/extracted/App.tsx(396,13): error TS2322: Type '{ children: any; className: string; }' is not assignable to type 'CardProps'.
  Property 'className' does not exist on type 'CardProps'.
bkp/extracted/App.tsx(400,21): error TS2322: Type '{ children: any[]; value: any; onChange: (e: any) => any; }' is not assignable to type 'SelectProps'.
  Property 'value' does not exist on type 'SelectProps'.
bkp/extracted/App.tsx(413,19): error TS2322: Type '{ placeholder: string; className: string; value: any; onChange: (e: any) => any; }' is not assignable to type 'InputProps'.
  Property 'placeholder' does not exist on type 'InputProps'.
bkp/extracted/App.tsx(423,16): error TS2322: Type '{ placeholder: string; type: string; value: any; onChange: (e: any) => any; }' is not assignable to type 'InputProps'.
  Property 'placeholder' does not exist on type 'InputProps'.
bkp/extracted/App.tsx(431,13): error TS2322: Type '{ children: string; variant: "outline"; onClick: () => void; disabled: boolean; className: string; }' is not assignable to type 'ButtonProps'.
  Property 'onClick' does not exist on type 'ButtonProps'.
bkp/extracted/App.tsx(442,15): error TS2322: Type '{ children: any[]; className: string; }' is not assignable to type 'CardProps'.
  Property 'className' does not exist on type 'CardProps'.
bkp/extracted/App.tsx(451,40): error TS2322: Type '{ children: string; variant: "outline"; onClick: () => any; }' is not assignable to type 'ButtonProps'.
  Property 'onClick' does not exist on type 'ButtonProps'.
bkp/extracted/App.tsx(457,19): error TS2322: Type '{ children: any[]; key: any; className: string; }' is not assignable to type 'CardProps'.
  Property 'key' does not exist on type 'CardProps'.
bkp/extracted/App.tsx(464,26): error TS2322: Type '{ children: any; className: string; }' is not assignable to type 'BadgeProps'.
  Property 'className' does not exist on type 'BadgeProps'.
bkp/extracted/App.tsx(496,20): error TS2322: Type '{ name: string; required: true; placeholder: string; }' is not assignable to type 'InputProps'.
  Property 'name' does not exist on type 'InputProps'.
bkp/extracted/App.tsx(501,23): error TS2322: Type '{ children: any[]; name: string; }' is not assignable to type 'SelectProps'.
  Property 'name' does not exist on type 'SelectProps'.
bkp/extracted/App.tsx(510,23): error TS2322: Type '{ name: string; type: string; min: string; max: string; defaultValue: string; required: true; }' is not assignable to type 'InputProps'.
  Property 'name' does not exist on type 'InputProps'.
bkp/extracted/App.tsx(516,22): error TS2322: Type '{ name: string; placeholder: string; required: true; }' is not assignable to type 'InputProps'.
  Property 'name' does not exist on type 'InputProps'.
bkp/extracted/App.tsx(520,22): error TS2322: Type '{ name: string; placeholder: string; required: true; }' is not assignable to type 'InputProps'.
  Property 'name' does not exist on type 'InputProps'.
bkp/extracted/App.tsx(525,20): error TS2322: Type '{ name: string; placeholder: string; required: true; }' is not assignable to type 'InputProps'.
  Property 'name' does not exist on type 'InputProps'.
bkp/extracted/App.tsx(528,21): error TS2322: Type '{ children: string; type: string; variant: "ghost"; onClick: () => any; }' is not assignable to type 'ButtonProps'.
  Property 'type' does not exist on type 'ButtonProps'.
bkp/extracted/App.tsx(529,21): error TS2322: Type '{ children: string; type: string; }' is not assignable to type 'ButtonProps'.
  Property 'type' does not exist on type 'ButtonProps'.
bkp/extracted/App.tsx(579,19): error TS2322: Type '{ children: any[]; onClick: () => any; }' is not assignable to type 'ButtonProps'.
  Property 'onClick' does not exist on type 'ButtonProps'.
bkp/extracted/App.tsx(625,21): error TS2322: Type '{ children: any; name: string; required: true; }' is not assignable to type 'SelectProps'.
  Property 'name' does not exist on type 'SelectProps'.
bkp/extracted/App.tsx(634,23): error TS2322: Type '{ children: any[]; name: string; }' is not assignable to type 'SelectProps'.
  Property 'name' does not exist on type 'SelectProps'.
bkp/extracted/App.tsx(643,23): error TS2322: Type '{ children: any[]; name: string; }' is not assignable to type 'SelectProps'.
  Property 'name' does not exist on type 'SelectProps'.
bkp/extracted/App.tsx(652,20): error TS2322: Type '{ name: string; type: string; required: true; }' is not assignable to type 'InputProps'.
  Property 'name' does not exist on type 'InputProps'.
bkp/extracted/App.tsx(664,21): error TS2322: Type '{ children: string; type: string; variant: "ghost"; onClick: () => any; }' is not assignable to type 'ButtonProps'.
  Property 'type' does not exist on type 'ButtonProps'.
bkp/extracted/App.tsx(665,21): error TS2322: Type '{ children: string; type: string; }' is not assignable to type 'ButtonProps'.
  Property 'type' does not exist on type 'ButtonProps'.
bkp/extracted/App.tsx(683,14): error TS2322: Type '{ children: any[]; className: string; }' is not assignable to type 'CardProps'.
  Property 'className' does not exist on type 'CardProps'.
bkp/extracted/App.tsx(699,24): error TS2322: Type '{ defaultValue: any; }' is not assignable to type 'InputProps'.
  Property 'defaultValue' does not exist on type 'InputProps'.
bkp/extracted/App.tsx(703,24): error TS2322: Type '{ defaultValue: any; }' is not assignable to type 'InputProps'.
  Property 'defaultValue' does not exist on type 'InputProps'.
bkp/extracted/App.tsx(708,22): error TS2322: Type '{ defaultValue: any; disabled: true; className: string; }' is not assignable to type 'InputProps'.
  Property 'defaultValue' does not exist on type 'InputProps'.
bkp/extracted/App.tsx(726,16): error TS2322: Type '{ children: any[]; key: number; className: string; }' is not assignable to type 'CardProps'.
  Property 'key' does not exist on type 'CardProps'.
bkp/extracted/App.tsx(735,12): error TS2322: Type '{ children: any[]; className: string; }' is not assignable to type 'CardProps'.
  Property 'className' does not exist on type 'CardProps'.
bkp/extracted/App.tsx(747,19): error TS2322: Type '{ children: any[]; className: string; }' is not assignable to type 'CardProps'.
  Property 'className' does not exist on type 'CardProps'.
bkp/extracted/components/ui.tsx(14,34): error TS2339: Property 'className' does not exist on type 'CardProps'.
bkp/extracted/components/ui.tsx(27,36): error TS2339: Property 'className' does not exist on type 'ButtonProps'.
bkp/extracted/components/ui.tsx(58,51): error TS2339: Property 'className' does not exist on type 'BadgeProps'.
bkp/extracted/components/ui.tsx(78,25): error TS2339: Property 'className' does not exist on type 'InputProps'.
bkp/extracted/components/ui.tsx(89,26): error TS2339: Property 'className' does not exist on type 'SelectProps'.
bkp/extracted/components/ui.tsx(102,35): error TS2339: Property 'className' does not exist on type 'LabelProps'.
check_db.ts(3,25): error TS2307: Cannot find module 'dotenv' or its corresponding type declarations.
components/ErrorBoundary.tsx(65,21): error TS2339: Property 'props' does not exist on type 'ErrorBoundary'.
